<?xml version="1.0" encoding="UTF-8"?>
<testng-results skipped="0" failed="0" total="1" passed="1">
  <reporter-output>
  </reporter-output>
  <suite name="SmokeTests" duration-ms="17613" started-at="2022-09-04T17:56:24Z" finished-at="2022-09-04T17:56:42Z">
    <groups>
    </groups>
    <test name="SmokeTests" duration-ms="17613" started-at="2022-09-04T17:56:24Z" finished-at="2022-09-04T17:56:42Z">
      <class name="automation.devops.project.tests.SampleTests">
        <test-method status="PASS" signature="SetupSuite()[pri:0, instance:automation.devops.project.tests.SampleTests@7f010382]" name="SetupSuite" is-config="true" duration-ms="6" started-at="2022-09-04T23:26:24Z" finished-at="2022-09-04T23:26:24Z">
          <reporter-output>
          </reporter-output>
        </test-method> <!-- SetupSuite -->
        <test-method status="PASS" signature="SetupTestMethod()[pri:0, instance:automation.devops.project.tests.SampleTests@7f010382]" name="SetupTestMethod" is-config="true" duration-ms="11250" started-at="2022-09-04T23:26:24Z" finished-at="2022-09-04T23:26:36Z">
          <reporter-output>
          </reporter-output>
        </test-method> <!-- SetupTestMethod -->
        <test-method status="PASS" signature="launchGoogle()[pri:0, instance:automation.devops.project.tests.SampleTests@7f010382]" name="launchGoogle" duration-ms="3770" started-at="2022-09-04T23:26:36Z" finished-at="2022-09-04T23:26:39Z">
          <reporter-output>
          </reporter-output>
        </test-method> <!-- launchGoogle -->
        <test-method status="PASS" signature="TeardownTestMethod()[pri:0, instance:automation.devops.project.tests.SampleTests@7f010382]" name="TeardownTestMethod" is-config="true" duration-ms="2586" started-at="2022-09-04T23:26:39Z" finished-at="2022-09-04T23:26:42Z">
          <reporter-output>
          </reporter-output>
        </test-method> <!-- TeardownTestMethod -->
        <test-method status="PASS" signature="TeardownSuite()[pri:0, instance:automation.devops.project.tests.SampleTests@7f010382]" name="TeardownSuite" is-config="true" duration-ms="1" started-at="2022-09-04T23:26:42Z" finished-at="2022-09-04T23:26:42Z">
          <reporter-output>
          </reporter-output>
        </test-method> <!-- TeardownSuite -->
      </class> <!-- automation.devops.project.tests.SampleTests -->
    </test> <!-- SmokeTests -->
  </suite> <!-- SmokeTests -->
</testng-results>
