<?xml version="1.0" encoding="UTF-8"?>
<testng-results skipped="0" failed="0" ignored="0" total="1" passed="1">
  <reporter-output>
  </reporter-output>
  <suite name="Default suite" duration-ms="20187" started-at="2022-09-04T20:20:38 IST" finished-at="2022-09-04T20:20:58 IST">
    <groups>
    </groups>
    <test name="Default test" duration-ms="20187" started-at="2022-09-04T20:20:38 IST" finished-at="2022-09-04T20:20:58 IST">
      <class name="automation.devops.project.tests.SampleTests">
        <test-method status="PASS" signature="SetupSuite()[pri:0, instance:automation.devops.project.tests.SampleTests@727803de]" name="SetupSuite" is-config="true" duration-ms="7" started-at="2022-09-04T20:20:38 IST" finished-at="2022-09-04T20:20:38 IST">
          <reporter-output>
          </reporter-output>
        </test-method> <!-- SetupSuite -->
        <test-method status="PASS" signature="SetupTestMethod()[pri:0, instance:automation.devops.project.tests.SampleTests@727803de]" name="SetupTestMethod" is-config="true" duration-ms="17642" started-at="2022-09-04T20:20:38 IST" finished-at="2022-09-04T20:20:56 IST">
          <reporter-output>
          </reporter-output>
        </test-method> <!-- SetupTestMethod -->
        <test-method status="PASS" signature="launchGoogle()[pri:0, instance:automation.devops.project.tests.SampleTests@727803de]" name="launchGoogle" duration-ms="2033" started-at="2022-09-04T20:20:56 IST" finished-at="2022-09-04T20:20:58 IST">
          <reporter-output>
          </reporter-output>
        </test-method> <!-- launchGoogle -->
        <test-method status="PASS" signature="TeardownTestMethod()[pri:0, instance:automation.devops.project.tests.SampleTests@727803de]" name="TeardownTestMethod" is-config="true" duration-ms="478" started-at="2022-09-04T20:20:58 IST" finished-at="2022-09-04T20:20:58 IST">
          <reporter-output>
          </reporter-output>
        </test-method> <!-- TeardownTestMethod -->
        <test-method status="PASS" signature="TeardownSuite()[pri:0, instance:automation.devops.project.tests.SampleTests@727803de]" name="TeardownSuite" is-config="true" duration-ms="2" started-at="2022-09-04T20:20:59 IST" finished-at="2022-09-04T20:20:59 IST">
          <reporter-output>
          </reporter-output>
        </test-method> <!-- TeardownSuite -->
      </class> <!-- automation.devops.project.tests.SampleTests -->
    </test> <!-- Default test -->
  </suite> <!-- Default suite -->
</testng-results>
